May 27, 2024 1:11:32 PM app$1 run
INFO: cpu use rate: 0.7
May 27, 2024 1:11:33 PM app$1 run
INFO: cpu use rate: 2.1
May 27, 2024 1:11:34 PM app$1 run
INFO: cpu use rate: 0.7
May 27, 2024 1:11:35 PM app$1 run
INFO: cpu use rate: 0.0
May 27, 2024 1:11:36 PM app$1 run
INFO: cpu use rate: 1.4
May 27, 2024 1:11:37 PM app$1 run
INFO: cpu use rate: 0.0
May 27, 2024 1:11:38 PM app$1 run
INFO: cpu use rate: 2.9
May 27, 2024 1:11:39 PM app$1 run
INFO: cpu use rate: 1.4
May 27, 2024 2:56:57 PM app$1 run
INFO: cpu use rate: 1.3
May 27, 2024 2:56:58 PM app$1 run
INFO: cpu use rate: 0.0
May 27, 2024 2:56:59 PM app$1 run
INFO: cpu use rate: 2.1
May 27, 2024 2:59:07 PM app$1 run
INFO: cpu use rate: 2.1
May 27, 2024 2:59:08 PM app$1 run
INFO: cpu use rate: 1.4
May 27, 2024 2:59:09 PM app$1 run
INFO: cpu use rate: 1.4
May 27, 2024 3:34:53 PM app$1 run
INFO: cpu use rate: 0.7
May 27, 2024 3:34:53 PM app$1 run
INFO: cpu use rate: 0.7
May 27, 2024 3:34:54 PM app$1 run
INFO: cpu use rate: 3.5
May 27, 2024 3:34:54 PM app$1 run
INFO: cpu use rate: 2.8
May 27, 2024 3:34:55 PM app$1 run
INFO: cpu use rate: 2.1
May 27, 2024 3:34:55 PM app$1 run
INFO: cpu use rate: 2.1
May 27, 2024 3:34:56 PM app$1 run
INFO: cpu use rate: 1.4
May 27, 2024 3:34:56 PM app$1 run
INFO: cpu use rate: 1.4
May 27, 2024 3:36:04 PM app$1 run
INFO: cpu use rate: 4.6
memory use rate: 3.4
May 27, 2024 3:36:05 PM app$1 run
INFO: cpu use rate: 2.4
memory use rate: 2.4
May 27, 2024 3:36:06 PM app$1 run
INFO: cpu use rate: 0.7
memory use rate: 1.4
May 27, 2024 3:36:07 PM app$1 run
INFO: cpu use rate: 2.8
memory use rate: 2.8
May 27, 2024 3:36:08 PM app$1 run
INFO: cpu use rate: 1.4
memory use rate: 2.1
May 27, 2024 3:36:09 PM app$1 run
INFO: cpu use rate: 3.4
memory use rate: 2.1
May 27, 2024 3:36:10 PM app$1 run
INFO: cpu use rate: 1.4
memory use rate: 0.7
May 27, 2024 3:36:36 PM app$1 run
INFO: 
 cpu use rate: 1.4
memory use rate: 0.7
May 27, 2024 3:36:37 PM app$1 run
INFO: 
 cpu use rate: 2.1
memory use rate: 1.4
May 27, 2024 3:36:38 PM app$1 run
INFO: 
 cpu use rate: 1.4
memory use rate: 1.4
May 27, 2024 3:36:52 PM app$1 run
INFO: 
cpu use rate: 0.7
memory use rate: 0.7
May 27, 2024 3:36:53 PM app$1 run
INFO: 
cpu use rate: 2.1
memory use rate: 2.1
May 27, 2024 3:36:53 PM app$1 run
INFO: 
cpu use rate: 0.0
memory use rate: 0.0
May 27, 2024 3:36:55 PM app$1 run
INFO: 
cpu use rate: 1.4
memory use rate: 1.4
May 27, 2024 3:36:56 PM app$1 run
INFO: 
cpu use rate: 2.4
memory use rate: 2.4
May 27, 2024 3:36:56 PM app$1 run
INFO: 
cpu use rate: 2.1
memory use rate: 2.1
May 27, 2024 3:36:58 PM app$1 run
INFO: 
cpu use rate: 1.4
memory use rate: 1.4
May 27, 2024 3:36:59 PM app$1 run
INFO: 
cpu use rate: 0.7
memory use rate: 0.0
May 27, 2024 3:37:00 PM app$1 run
INFO: 
cpu use rate: 2.0
memory use rate: 1.4
May 27, 2024 3:37:01 PM app$1 run
INFO: 
cpu use rate: 0.7
memory use rate: 1.4
May 27, 2024 3:37:02 PM app$1 run
INFO: 
cpu use rate: 2.8
memory use rate: 2.8
May 27, 2024 3:37:03 PM app$1 run
INFO: 
cpu use rate: 1.4
memory use rate: 1.4
May 27, 2024 3:37:04 PM app$1 run
INFO: 
cpu use rate: 0.0
memory use rate: 0.0
May 27, 2024 3:37:05 PM app$1 run
INFO: 
cpu use rate: 0.7
memory use rate: 2.7
May 27, 2024 3:37:06 PM app$1 run
INFO: 
cpu use rate: 2.1
memory use rate: 2.1
May 27, 2024 3:37:07 PM app$1 run
INFO: 
cpu use rate: 1.4
memory use rate: 0.7
May 27, 2024 3:37:08 PM app$1 run
INFO: 
cpu use rate: 2.1
memory use rate: 0.0
May 27, 2024 3:37:08 PM app$1 run
INFO: 
cpu use rate: 0.7
memory use rate: 0.7
May 27, 2024 3:37:14 PM app$1 run
INFO: 
cpu use rate: 0.7
memory use rate: 0.7
May 27, 2024 3:37:15 PM app$1 run
INFO: 
cpu use rate: 2.1
memory use rate: 1.4
May 27, 2024 3:37:16 PM app$1 run
INFO: 
cpu use rate: 1.8
memory use rate: 2.4
May 27, 2024 3:37:17 PM app$1 run
INFO: 
cpu use rate: 1.0
memory use rate: 1.1
May 27, 2024 3:37:18 PM app$1 run
INFO: 
cpu use rate: 5.6
memory use rate: 5.6
May 27, 2024 3:37:19 PM app$1 run
INFO: 
cpu use rate: 0.0
memory use rate: 0.0
May 27, 2024 3:37:20 PM app$1 run
INFO: 
cpu use rate: 1.4
memory use rate: 0.7
May 27, 2024 3:37:21 PM app$1 run
INFO: 
cpu use rate: 2.1
memory use rate: 2.1
May 27, 2024 3:37:22 PM app$1 run
INFO: 
cpu use rate: 1.4
memory use rate: 1.4
May 27, 2024 3:39:54 PM app$1 run
INFO: 
cpu use rate: 2.1
memory use rate: 1.4
May 27, 2024 3:39:55 PM app$1 run
INFO: 
cpu use rate: 2.1
memory use rate: 1.4
May 27, 2024 3:41:28 PM app$1 run
INFO: 
cpu use rate: 0.7
memory use rate: 9.1
May 27, 2024 3:41:29 PM app$1 run
INFO: 
cpu use rate: 1.4
memory use rate: 9.2
May 27, 2024 3:41:30 PM app$1 run
INFO: 
cpu use rate: 0.7
memory use rate: 9.2
May 27, 2024 3:41:31 PM app$1 run
INFO: 
cpu use rate: 0.0
memory use rate: 9.2
May 27, 2024 3:41:32 PM app$1 run
INFO: 
cpu use rate: 2.1
memory use rate: 9.2
May 27, 2024 3:42:25 PM app$1 run
INFO: 
cpu use rate: 2.1
memory use rate: 9.2
May 27, 2024 3:42:26 PM app$1 run
INFO: 
cpu use rate: 1.4
memory use rate: 9.2
May 27, 2024 3:42:27 PM app$1 run
INFO: 
cpu use rate: 0.0
memory use rate: 9.2
May 27, 2024 3:42:28 PM app$1 run
INFO: 
cpu use rate: 1.2
memory use rate: 9.2
May 27, 2024 3:42:29 PM app$1 run
INFO: 
cpu use rate: 2.1
memory use rate: 9.2
May 27, 2024 3:42:30 PM app$1 run
INFO: 
cpu use rate: 0.0
memory use rate: 9.2
May 27, 2024 3:42:31 PM app$1 run
INFO: 
cpu use rate: 2.1
memory use rate: 9.2
May 27, 2024 3:42:32 PM app$1 run
INFO: 
cpu use rate: 2.1
memory use rate: 9.2
May 27, 2024 3:42:33 PM app$1 run
INFO: 
cpu use rate: 2.1
memory use rate: 9.2
May 27, 2024 3:42:34 PM app$1 run
INFO: 
cpu use rate: 1.4
memory use rate: 9.2
May 27, 2024 3:42:35 PM app$1 run
INFO: 
cpu use rate: 1.4
memory use rate: 9.2
May 27, 2024 3:42:36 PM app$1 run
INFO: 
cpu use rate: 0.7
memory use rate: 9.2
May 27, 2024 3:42:37 PM app$1 run
INFO: 
cpu use rate: 0.7
memory use rate: 9.2
May 27, 2024 3:42:38 PM app$1 run
INFO: 
cpu use rate: 1.4
memory use rate: 9.2
May 27, 2024 3:42:39 PM app$1 run
INFO: 
cpu use rate: 0.7
memory use rate: 9.2
May 27, 2024 3:42:40 PM app$1 run
INFO: 
cpu use rate: 1.2
memory use rate: 9.2
May 27, 2024 3:42:41 PM app$1 run
INFO: 
cpu use rate: 0.7
memory use rate: 9.2
May 27, 2024 3:42:42 PM app$1 run
INFO: 
cpu use rate: 1.2
memory use rate: 9.2
May 27, 2024 3:42:43 PM app$1 run
INFO: 
cpu use rate: 0.7
memory use rate: 9.2
May 27, 2024 3:42:44 PM app$1 run
INFO: 
cpu use rate: 0.7
memory use rate: 9.2
May 27, 2024 3:42:45 PM app$1 run
INFO: 
cpu use rate: 1.2
memory use rate: 9.3
May 27, 2024 3:42:46 PM app$1 run
INFO: 
cpu use rate: 0.7
memory use rate: 9.3
May 27, 2024 3:42:47 PM app$1 run
INFO: 
cpu use rate: 0.7
memory use rate: 9.3
May 27, 2024 3:42:48 PM app$1 run
INFO: 
cpu use rate: 1.4
memory use rate: 9.3
May 27, 2024 4:01:24 PM app$1 run
INFO: 
cpu use rate: 2.6
memory use rate: 9.1
May 27, 2024 4:01:25 PM app$1 run
INFO: 
cpu use rate: 2.1
memory use rate: 9.2
May 27, 2024 4:01:26 PM app$1 run
INFO: 
cpu use rate: 0.7
memory use rate: 9.2
May 27, 2024 6:28:30 PM app$1 run
INFO: 
cpu use rate:	  2.6%
memory use rate: 9.2%
May 27, 2024 6:28:31 PM app$1 run
INFO: 
cpu use rate:	  0.0%
memory use rate: 9.3%
May 27, 2024 6:28:32 PM app$1 run
INFO: 
cpu use rate:	  0.7%
memory use rate: 9.3%
May 27, 2024 6:28:33 PM app$1 run
INFO: 
cpu use rate:	  0.7%
memory use rate: 9.3%
May 27, 2024 6:28:34 PM app$1 run
INFO: 
cpu use rate:	  2.0%
memory use rate: 9.3%
May 27, 2024 6:28:35 PM app$1 run
INFO: 
cpu use rate:	  0.0%
memory use rate: 9.3%
May 27, 2024 6:28:36 PM app$1 run
INFO: 
cpu use rate:	  1.4%
memory use rate: 9.3%
May 27, 2024 6:28:37 PM app$1 run
INFO: 
cpu use rate:	  0.7%
memory use rate: 9.3%
May 27, 2024 6:28:38 PM app$1 run
INFO: 
cpu use rate:	  2.8%
memory use rate: 9.3%
May 27, 2024 6:28:39 PM app$1 run
INFO: 
cpu use rate:	  0.0%
memory use rate: 9.3%
May 27, 2024 6:28:40 PM app$1 run
INFO: 
cpu use rate:	  2.1%
memory use rate: 9.3%
May 27, 2024 6:28:41 PM app$1 run
INFO: 
cpu use rate:	  1.4%
memory use rate: 9.3%
May 27, 2024 6:28:42 PM app$1 run
INFO: 
cpu use rate:	  2.8%
memory use rate: 9.3%
May 27, 2024 6:28:43 PM app$1 run
INFO: 
cpu use rate:	  1.9%
memory use rate: 9.3%
May 27, 2024 6:28:44 PM app$1 run
INFO: 
cpu use rate:	  1.4%
memory use rate: 9.3%
May 27, 2024 6:28:45 PM app$1 run
INFO: 
cpu use rate:	  0.7%
memory use rate: 9.3%
May 27, 2024 6:28:46 PM app$1 run
INFO: 
cpu use rate:	  2.1%
memory use rate: 9.3%
May 27, 2024 6:28:47 PM app$1 run
INFO: 
cpu use rate:	  1.4%
memory use rate: 9.3%
May 27, 2024 6:28:48 PM app$1 run
INFO: 
cpu use rate:	  3.3%
memory use rate: 9.3%
May 27, 2024 6:28:49 PM app$1 run
INFO: 
cpu use rate:	  3.2%
memory use rate: 9.3%
May 27, 2024 6:28:50 PM app$1 run
INFO: 
cpu use rate:	  1.4%
memory use rate: 9.3%
May 27, 2024 6:28:51 PM app$1 run
INFO: 
cpu use rate:	  4.2%
memory use rate: 9.3%
May 27, 2024 6:28:52 PM app$1 run
INFO: 
cpu use rate:	  2.1%
memory use rate: 9.3%
May 27, 2024 6:28:53 PM app$1 run
INFO: 
cpu use rate:	  3.5%
memory use rate: 9.3%
May 28, 2024 10:21:03 AM app$1 run
INFO: cpu use rate: 1.3/ memory use rate: 8.7%
================================================
May 28, 2024 10:21:04 AM app$1 run
INFO: cpu use rate: 2.1/ memory use rate: 8.8%
================================================
May 28, 2024 10:21:05 AM app$1 run
INFO: cpu use rate: 0.7/ memory use rate: 8.8%
================================================
May 28, 2024 10:21:06 AM app$1 run
INFO: cpu use rate: 0.7/ memory use rate: 8.8%
================================================
May 28, 2024 10:21:07 AM app$1 run
INFO: cpu use rate: 2.8/ memory use rate: 8.8%
================================================
May 28, 2024 10:21:08 AM app$1 run
INFO: cpu use rate: 0.7/ memory use rate: 8.8%
================================================
May 28, 2024 10:21:09 AM app$1 run
INFO: cpu use rate: 1.4/ memory use rate: 8.8%
================================================
May 28, 2024 10:21:10 AM app$1 run
INFO: cpu use rate: 2.1/ memory use rate: 8.8%
================================================
May 28, 2024 10:21:11 AM app$1 run
INFO: cpu use rate: 2.8/ memory use rate: 8.8%
================================================
May 28, 2024 10:21:12 AM app$1 run
INFO: cpu use rate: 0.7/ memory use rate: 8.8%
================================================
May 28, 2024 10:21:13 AM app$1 run
INFO: cpu use rate: 2.1/ memory use rate: 8.8%
================================================
May 28, 2024 10:21:14 AM app$1 run
INFO: cpu use rate: 1.4/ memory use rate: 8.8%
================================================
May 28, 2024 10:21:15 AM app$1 run
INFO: cpu use rate: 0.7/ memory use rate: 8.8%
================================================
May 28, 2024 10:21:16 AM app$1 run
INFO: cpu use rate: 0.7/ memory use rate: 8.8%
================================================
May 28, 2024 10:21:17 AM app$1 run
INFO: cpu use rate: 1.4/ memory use rate: 8.8%
================================================
May 28, 2024 10:21:18 AM app$1 run
INFO: cpu use rate: 2.8/ memory use rate: 8.8%
================================================
May 28, 2024 10:21:19 AM app$1 run
INFO: cpu use rate: 1.4/ memory use rate: 8.8%
================================================
May 28, 2024 10:21:20 AM app$1 run
INFO: cpu use rate: 2.1/ memory use rate: 8.8%
================================================
May 28, 2024 10:21:21 AM app$1 run
INFO: cpu use rate: 1.4/ memory use rate: 8.8%
================================================
May 28, 2024 10:21:22 AM app$1 run
INFO: cpu use rate: 2.8/ memory use rate: 8.8%
================================================
May 28, 2024 10:21:23 AM app$1 run
INFO: cpu use rate: 0.7/ memory use rate: 8.8%
================================================
May 28, 2024 10:21:24 AM app$1 run
INFO: cpu use rate: 2.8/ memory use rate: 8.8%
================================================
May 28, 2024 10:21:25 AM app$1 run
INFO: cpu use rate: 2.8/ memory use rate: 8.8%
================================================
May 28, 2024 10:21:26 AM app$1 run
INFO: cpu use rate: 1.4/ memory use rate: 8.8%
================================================
May 28, 2024 10:21:27 AM app$1 run
INFO: cpu use rate: 0.7/ memory use rate: 8.8%
================================================
May 28, 2024 10:21:28 AM app$1 run
INFO: cpu use rate: 0.7/ memory use rate: 8.8%
================================================
May 28, 2024 10:21:29 AM app$1 run
INFO: cpu use rate: 2.8/ memory use rate: 8.9%
================================================
May 28, 2024 10:21:30 AM app$1 run
INFO: cpu use rate: 0.7/ memory use rate: 8.9%
================================================
May 28, 2024 10:21:31 AM app$1 run
INFO: cpu use rate: 1.4/ memory use rate: 8.9%
================================================
May 28, 2024 10:21:32 AM app$1 run
INFO: cpu use rate: 1.4/ memory use rate: 8.9%
================================================
May 28, 2024 10:21:33 AM app$1 run
INFO: cpu use rate: 1.4/ memory use rate: 8.9%
================================================
May 28, 2024 10:21:34 AM app$1 run
INFO: cpu use rate: 0.7/ memory use rate: 8.9%
================================================
May 28, 2024 10:21:35 AM app$1 run
INFO: cpu use rate: 2.8/ memory use rate: 8.9%
================================================
May 28, 2024 10:21:36 AM app$1 run
INFO: cpu use rate: 0.7/ memory use rate: 8.9%
================================================
May 28, 2024 10:21:37 AM app$1 run
INFO: cpu use rate: 2.1/ memory use rate: 8.9%
================================================
May 28, 2024 10:21:38 AM app$1 run
INFO: cpu use rate: 0.0/ memory use rate: 8.9%
================================================
May 28, 2024 10:21:39 AM app$1 run
INFO: cpu use rate: 2.1/ memory use rate: 8.9%
================================================
May 28, 2024 10:21:40 AM app$1 run
INFO: cpu use rate: 2.8/ memory use rate: 8.9%
================================================
