5월 27, 2024 1:11:20 오후 app$1 run
정보: cpu use rate: 1.0
5월 27, 2024 1:11:21 오후 app$1 run
정보: cpu use rate: 1.0
5월 27, 2024 1:11:23 오후 app$1 run
정보: cpu use rate: 4.0
5월 27, 2024 1:11:24 오후 app$1 run
정보: cpu use rate: 1.0
5월 27, 2024 1:11:25 오후 app$1 run
정보: cpu use rate: 1.0
5월 27, 2024 2:56:34 오후 app$1 run
정보: cpu use rate: 0.0
5월 27, 2024 2:56:36 오후 app$1 run
정보: cpu use rate: 1.0
5월 27, 2024 2:56:38 오후 app$1 run
정보: cpu use rate: 1.0
5월 27, 2024 2:56:39 오후 app$1 run
정보: cpu use rate: 1.0
5월 27, 2024 2:56:40 오후 app$1 run
정보: cpu use rate: 1.0
5월 27, 2024 2:56:41 오후 app$1 run
정보: cpu use rate: 1.0
5월 27, 2024 3:30:40 오후 app$1 run
정보: cpu use rate: 1.0
5월 27, 2024 3:30:41 오후 app$1 run
정보: cpu use rate: 1.0
5월 27, 2024 3:30:42 오후 app$1 run
정보: cpu use rate: 2.0
5월 27, 2024 3:30:43 오후 app$1 run
정보: cpu use rate: 2.0
5월 27, 2024 3:30:44 오후 app$1 run
정보: cpu use rate: 2.0
5월 27, 2024 3:30:45 오후 app$1 run
정보: cpu use rate: 2.0
5월 27, 2024 3:30:46 오후 app$1 run
정보: cpu use rate: 4.0
5월 27, 2024 3:30:48 오후 app$1 run
정보: cpu use rate: 1.0
5월 27, 2024 3:30:49 오후 app$1 run
정보: cpu use rate: 2.0
5월 27, 2024 3:30:50 오후 app$1 run
정보: cpu use rate: 1.0
5월 27, 2024 3:30:51 오후 app$1 run
정보: cpu use rate: 1.0
5월 27, 2024 3:45:09 오후 app$1 run
정보: 
cpu use rate: 1.0
memory use rate: null
5월 27, 2024 3:45:10 오후 app$1 run
정보: 
cpu use rate: 1.0
memory use rate: null
5월 27, 2024 3:45:11 오후 app$1 run
정보: 
cpu use rate: 1.0
memory use rate: null
5월 27, 2024 3:45:12 오후 app$1 run
정보: 
cpu use rate: 1.0
memory use rate: null
5월 27, 2024 3:45:13 오후 app$1 run
정보: 
cpu use rate: 1.0
memory use rate: null
5월 27, 2024 4:42:45 오후 app$1 run
정보: 
cpu use rate: 1.0
memory use rate: null
5월 27, 2024 4:42:46 오후 app$1 run
정보: 
cpu use rate: 4.0
memory use rate: null
5월 27, 2024 4:42:47 오후 app$1 run
정보: 
cpu use rate: 1.0
memory use rate: null
5월 27, 2024 4:42:48 오후 app$1 run
정보: 
cpu use rate: 2.0
memory use rate: null
5월 27, 2024 4:42:49 오후 app$1 run
정보: 
cpu use rate: 1.0
memory use rate: null
5월 27, 2024 4:43:26 오후 app$1 run
정보: 
cpu use rate: 1.0
memory use rate: null
5월 27, 2024 4:43:27 오후 app$1 run
정보: 
cpu use rate: 1.0
memory use rate: null
5월 27, 2024 4:43:28 오후 app$1 run
정보: 
cpu use rate: 1.0
memory use rate: null
5월 27, 2024 4:43:29 오후 app$1 run
정보: 
cpu use rate: 1.0
memory use rate: null
5월 27, 2024 4:43:37 오후 app$1 run
정보: 
cpu use rate: 1.0
memory use rate: null
5월 27, 2024 4:43:38 오후 app$1 run
정보: 
cpu use rate: 4.0
memory use rate: null
5월 27, 2024 4:44:00 오후 app$1 run
정보: 
cpu use rate: 1.0
memory use rate: null
5월 27, 2024 4:44:02 오후 app$1 run
정보: 
cpu use rate: 1.0
memory use rate: null
5월 27, 2024 4:45:08 오후 app$1 run
정보: 
cpu use rate: 2.0
memory use rate: null
5월 27, 2024 4:45:09 오후 app$1 run
정보: 
cpu use rate: 2.0
memory use rate: null
5월 27, 2024 4:45:48 오후 app$1 run
정보: 
cpu use rate: 4.0
memory use rate: null
5월 27, 2024 4:49:34 오후 app$1 run
정보: 
cpu use rate: 2.0
memory use rate: null
5월 27, 2024 4:49:35 오후 app$1 run
정보: 
cpu use rate: 2.0
memory use rate: null
5월 27, 2024 4:49:36 오후 app$1 run
정보: 
cpu use rate: 1.0
memory use rate: null
5월 27, 2024 4:49:37 오후 app$1 run
정보: 
cpu use rate: 2.0
memory use rate: null
5월 27, 2024 4:51:44 오후 app$1 run
정보: 
cpu use rate: 1.0
memory use rate: null
5월 27, 2024 4:51:45 오후 app$1 run
정보: 
cpu use rate: 1.0
memory use rate: null
5월 27, 2024 4:51:46 오후 app$1 run
정보: 
cpu use rate: 1.0
memory use rate: null
5월 27, 2024 4:51:48 오후 app$1 run
정보: 
cpu use rate: 1.0
memory use rate: null
5월 27, 2024 5:05:48 오후 app$1 run
정보: 
cpu use rate: null
memory use rate: null
5월 27, 2024 5:05:49 오후 app$1 run
정보: 
cpu use rate: 4.0
memory use rate: null
5월 27, 2024 5:05:51 오후 app$1 run
정보: 
cpu use rate: 2.0
memory use rate: null
5월 27, 2024 5:05:52 오후 app$1 run
정보: 
cpu use rate: 2.0
memory use rate: null
5월 27, 2024 5:05:53 오후 app$1 run
정보: 
cpu use rate: 4.0
memory use rate: null
5월 27, 2024 5:05:54 오후 app$1 run
정보: 
cpu use rate: 2.0
memory use rate: null
5월 27, 2024 5:05:55 오후 app$1 run
정보: 
cpu use rate: 2.0
memory use rate: null
5월 27, 2024 5:06:29 오후 app$1 run
정보: 
cpu use rate: 2.0
memory use rate: null
5월 27, 2024 5:06:30 오후 app$1 run
정보: 
cpu use rate: 2.0
memory use rate: null
5월 27, 2024 5:06:31 오후 app$1 run
정보: 
cpu use rate: 4.0
memory use rate: null
5월 27, 2024 5:06:32 오후 app$1 run
정보: 
cpu use rate: 2.0
memory use rate: null
5월 27, 2024 5:06:33 오후 app$1 run
정보: 
cpu use rate: 2.0
memory use rate: null
5월 27, 2024 5:06:53 오후 app$1 run
정보: 
cpu use rate: 1.0
memory use rate: null
5월 27, 2024 5:06:54 오후 app$1 run
정보: 
cpu use rate: 1.0
memory use rate: null
5월 27, 2024 5:07:01 오후 app$1 run
정보: 
cpu use rate: 1.0
memory use rate: null
5월 27, 2024 5:07:02 오후 app$1 run
정보: 
cpu use rate: 2.0
memory use rate: null
5월 27, 2024 5:07:25 오후 app$1 run
정보: 
cpu use rate: 2.0
memory use rate: null
5월 27, 2024 5:07:27 오후 app$1 run
정보: 
cpu use rate: 1.0
memory use rate: null
5월 27, 2024 5:09:19 오후 app$1 run
정보: 
cpu use rate: 1.0
memory use rate: null
5월 27, 2024 5:09:20 오후 app$1 run
정보: 
cpu use rate: 1.0
memory use rate: null
5월 27, 2024 5:09:32 오후 app$1 run
정보: 
cpu use rate: null
memory use rate: null
5월 27, 2024 5:09:34 오후 app$1 run
정보: 
cpu use rate: 1.0
memory use rate: null
5월 27, 2024 5:09:35 오후 app$1 run
정보: 
cpu use rate: 2.0
memory use rate: null
5월 27, 2024 5:09:40 오후 app$1 run
정보: 
cpu use rate: null
memory use rate: null
5월 27, 2024 5:09:41 오후 app$1 run
정보: 
cpu use rate: 1.0
memory use rate: null
5월 27, 2024 6:17:19 오후 app$1 run
정보: 
cpu use rate: 0.0
memory use rate: null
5월 27, 2024 6:17:20 오후 app$1 run
정보: 
cpu use rate: 1.0
memory use rate: null
5월 27, 2024 6:17:21 오후 app$1 run
정보: 
cpu use rate: 2.0
memory use rate: null
5월 27, 2024 6:17:22 오후 app$1 run
정보: 
cpu use rate: 2.0
memory use rate: null
5월 27, 2024 6:17:23 오후 app$1 run
정보: 
cpu use rate: 2.0
memory use rate: null
5월 27, 2024 6:17:24 오후 app$1 run
정보: 
cpu use rate: 4.0
memory use rate: null
5월 27, 2024 6:17:26 오후 app$1 run
정보: 
cpu use rate: 2.0
memory use rate: null
5월 27, 2024 6:17:27 오후 app$1 run
정보: 
cpu use rate: 1.0
memory use rate: null
5월 27, 2024 6:18:33 오후 app$1 run
정보: 
cpu use rate: 1.0
memory use rate: null
5월 27, 2024 6:18:34 오후 app$1 run
정보: 
cpu use rate: 1.0
memory use rate: null
5월 27, 2024 6:18:35 오후 app$1 run
정보: 
cpu use rate: 2.0
memory use rate: null
5월 27, 2024 6:18:36 오후 app$1 run
정보: 
cpu use rate: 1.0
memory use rate: null
5월 27, 2024 6:18:38 오후 app$1 run
정보: 
cpu use rate: 1.0
memory use rate: null
5월 27, 2024 6:18:39 오후 app$1 run
정보: 
cpu use rate: 1.0
memory use rate: null
5월 27, 2024 6:18:40 오후 app$1 run
정보: 
cpu use rate: 2.0
memory use rate: null
5월 27, 2024 6:18:41 오후 app$1 run
정보: 
cpu use rate: 1.0
memory use rate: null
5월 27, 2024 6:18:42 오후 app$1 run
정보: 
cpu use rate: 2.0
memory use rate: null
5월 27, 2024 6:18:43 오후 app$1 run
정보: 
cpu use rate: 1.0
memory use rate: null
5월 27, 2024 6:19:40 오후 app$1 run
정보: 
cpu use rate: 2.0
memory use rate: null
5월 27, 2024 6:19:41 오후 app$1 run
정보: 
cpu use rate: 1.0
memory use rate: null
5월 27, 2024 6:19:50 오후 app$1 run
정보: 
cpu use rate: 2.0
memory use rate: null
5월 27, 2024 6:19:51 오후 app$1 run
정보: 
cpu use rate: 1.0
memory use rate: null
5월 27, 2024 6:19:52 오후 app$1 run
정보: 
cpu use rate: 4.0
memory use rate: null
5월 27, 2024 6:26:17 오후 app$1 run
정보: 
cpu use rate: 2.0
memory use rate: null
5월 27, 2024 6:26:18 오후 app$1 run
정보: 
cpu use rate: 2.0
memory use rate: null
5월 27, 2024 6:26:19 오후 app$1 run
정보: 
cpu use rate: 1.0
memory use rate: null
5월 27, 2024 6:26:20 오후 app$1 run
정보: 
cpu use rate: 2.0
memory use rate: null
5월 27, 2024 6:26:21 오후 app$1 run
정보: 
cpu use rate: 2.0
memory use rate: null
5월 27, 2024 6:26:22 오후 app$1 run
정보: 
cpu use rate: 1.0
memory use rate: null
5월 27, 2024 6:26:23 오후 app$1 run
정보: 
cpu use rate: 1.0
memory use rate: null
5월 27, 2024 6:26:36 오후 app$1 run
정보: 
cpu use rate: 1.0
memory use rate: null
5월 27, 2024 6:26:37 오후 app$1 run
정보: 
cpu use rate: 2.0
memory use rate: null
5월 27, 2024 6:27:21 오후 app$1 run
정보: 
cpu use rate:	  1.0%
memory use rate: null%
5월 27, 2024 6:27:22 오후 app$1 run
정보: 
cpu use rate:	  1.0%
memory use rate: null%
5월 27, 2024 6:27:23 오후 app$1 run
정보: 
cpu use rate:	  1.0%
memory use rate: null%
5월 27, 2024 6:27:24 오후 app$1 run
정보: 
cpu use rate:	  1.0%
memory use rate: null%
5월 27, 2024 6:28:19 오후 app$1 run
정보: 
cpu use rate:	  8.0%
memory use rate: 63.0%
5월 27, 2024 6:28:20 오후 app$1 run
정보: 
cpu use rate:	  8.0%
memory use rate: 63.0%
5월 27, 2024 6:28:21 오후 app$1 run
정보: 
cpu use rate:	  2.0%
memory use rate: 63.0%
5월 27, 2024 6:28:23 오후 app$1 run
정보: 
cpu use rate:	  1.0%
memory use rate: 63.0%
5월 27, 2024 6:28:24 오후 app$1 run
정보: 
cpu use rate:	  1.0%
memory use rate: 63.0%
5월 27, 2024 6:28:25 오후 app$1 run
정보: 
cpu use rate:	  1.0%
memory use rate: 63.0%
5월 27, 2024 6:28:26 오후 app$1 run
정보: 
cpu use rate:	  1.0%
memory use rate: 63.0%
5월 27, 2024 6:28:27 오후 app$1 run
정보: 
cpu use rate:	  1.0%
memory use rate: 63.0%
5월 27, 2024 6:28:28 오후 app$1 run
정보: 
cpu use rate:	  1.0%
memory use rate: 63.0%
5월 27, 2024 6:28:29 오후 app$1 run
정보: 
cpu use rate:	  1.0%
memory use rate: 63.0%
5월 27, 2024 6:28:30 오후 app$1 run
정보: 
cpu use rate:	  1.0%
memory use rate: 63.0%
5월 27, 2024 6:28:31 오후 app$1 run
정보: 
cpu use rate:	  1.0%
memory use rate: 63.0%
5월 27, 2024 6:28:32 오후 app$1 run
정보: 
cpu use rate:	  1.0%
memory use rate: 63.0%
5월 27, 2024 6:28:34 오후 app$1 run
정보: 
cpu use rate:	  1.0%
memory use rate: 63.0%
5월 27, 2024 6:28:35 오후 app$1 run
정보: 
cpu use rate:	  1.0%
memory use rate: 62.0%
5월 27, 2024 6:28:36 오후 app$1 run
정보: 
cpu use rate:	  1.0%
memory use rate: 62.0%
5월 27, 2024 6:28:37 오후 app$1 run
정보: 
cpu use rate:	  1.0%
memory use rate: 62.0%
5월 27, 2024 6:28:38 오후 app$1 run
정보: 
cpu use rate:	  1.0%
memory use rate: 62.0%
5월 27, 2024 6:28:39 오후 app$1 run
정보: 
cpu use rate:	  1.0%
memory use rate: 62.0%
5월 27, 2024 6:28:40 오후 app$1 run
정보: 
cpu use rate:	  1.0%
memory use rate: 62.0%
5월 27, 2024 6:28:41 오후 app$1 run
정보: 
cpu use rate:	  2.0%
memory use rate: 62.0%
5월 27, 2024 6:28:42 오후 app$1 run
정보: 
cpu use rate:	  2.0%
memory use rate: 62.0%
5월 27, 2024 6:28:44 오후 app$1 run
정보: 
cpu use rate:	  1.0%
memory use rate: 62.0%
5월 27, 2024 6:28:45 오후 app$1 run
정보: 
cpu use rate:	  1.0%
memory use rate: 62.0%
5월 27, 2024 6:28:46 오후 app$1 run
정보: 
cpu use rate:	  1.0%
memory use rate: 62.0%
5월 27, 2024 6:28:47 오후 app$1 run
정보: 
cpu use rate:	  1.0%
memory use rate: 62.0%
5월 27, 2024 6:28:48 오후 app$1 run
정보: 
cpu use rate:	  1.0%
memory use rate: 62.0%
5월 27, 2024 6:28:49 오후 app$1 run
정보: 
cpu use rate:	  4.0%
memory use rate: 62.0%
5월 27, 2024 6:28:50 오후 app$1 run
정보: 
cpu use rate:	  1.0%
memory use rate: 62.0%
5월 27, 2024 6:28:51 오후 app$1 run
정보: 
cpu use rate:	  1.0%
memory use rate: 62.0%
5월 27, 2024 6:28:52 오후 app$1 run
정보: 
cpu use rate:	  1.0%
memory use rate: 62.0%
5월 27, 2024 6:28:54 오후 app$1 run
정보: 
cpu use rate:	  1.0%
memory use rate: 62.0%
5월 27, 2024 6:28:55 오후 app$1 run
정보: 
cpu use rate:	  2.0%
memory use rate: 62.0%
5월 27, 2024 6:28:56 오후 app$1 run
정보: 
cpu use rate:	  1.0%
memory use rate: 62.0%
5월 27, 2024 6:28:57 오후 app$1 run
정보: 
cpu use rate:	  2.0%
memory use rate: 62.0%
5월 27, 2024 6:28:58 오후 app$1 run
정보: 
cpu use rate:	  2.0%
memory use rate: 62.0%
5월 27, 2024 6:30:55 오후 app$1 run
정보: cpu use rate: 1.0/memory use rate: 61.0%
5월 27, 2024 6:30:56 오후 app$1 run
정보: cpu use rate: 1.0/memory use rate: 61.0%
5월 27, 2024 6:30:57 오후 app$1 run
정보: cpu use rate: 2.0/memory use rate: 61.0%
5월 27, 2024 6:30:58 오후 app$1 run
정보: cpu use rate: 2.0/memory use rate: 61.0%
5월 27, 2024 6:31:00 오후 app$1 run
정보: cpu use rate: 1.0/memory use rate: 61.0%
5월 27, 2024 6:31:01 오후 app$1 run
정보: cpu use rate: 2.0/memory use rate: 61.0%
5월 27, 2024 6:31:02 오후 app$1 run
정보: cpu use rate: 1.0/memory use rate: 61.0%
5월 27, 2024 6:31:03 오후 app$1 run
정보: cpu use rate: 4.0/memory use rate: 61.0%
5월 27, 2024 6:31:04 오후 app$1 run
정보: cpu use rate: 1.0/memory use rate: 61.0%
5월 27, 2024 6:31:07 오후 app$1 run
정보: cpu use rate: 1.0/ memory use rate: 61.0%
5월 27, 2024 6:31:08 오후 app$1 run
정보: cpu use rate: 1.0/ memory use rate: 61.0%
5월 27, 2024 6:31:09 오후 app$1 run
정보: cpu use rate: 2.0/ memory use rate: 61.0%
5월 27, 2024 6:31:10 오후 app$1 run
정보: cpu use rate: 2.0/ memory use rate: 61.0%
5월 27, 2024 6:31:11 오후 app$1 run
정보: cpu use rate: 1.0/ memory use rate: 61.0%
5월 27, 2024 6:31:12 오후 app$1 run
정보: cpu use rate: 1.0/ memory use rate: 61.0%
5월 27, 2024 6:31:14 오후 app$1 run
정보: cpu use rate: 1.0/ memory use rate: 61.0%
5월 27, 2024 6:31:15 오후 app$1 run
정보: cpu use rate: 2.0/ memory use rate: 61.0%
5월 27, 2024 6:31:16 오후 app$1 run
정보: cpu use rate: 1.0/ memory use rate: 61.0%
5월 27, 2024 6:31:17 오후 app$1 run
정보: cpu use rate: 1.0/ memory use rate: 61.0%
5월 27, 2024 6:31:18 오후 app$1 run
정보: cpu use rate: 2.0/ memory use rate: 61.0%
5월 27, 2024 6:31:19 오후 app$1 run
정보: cpu use rate: 2.0/ memory use rate: 61.0%
5월 27, 2024 6:31:20 오후 app$1 run
정보: cpu use rate: 2.0/ memory use rate: 61.0%
5월 28, 2024 8:17:30 오전 app$1 run
정보: cpu use rate: 3.0/ memory use rate: 42.0%
5월 28, 2024 8:17:31 오전 app$1 run
정보: cpu use rate: 3.0/ memory use rate: 42.0%
5월 28, 2024 8:17:32 오전 app$1 run
정보: cpu use rate: 3.0/ memory use rate: 42.0%
5월 28, 2024 8:17:33 오전 app$1 run
정보: cpu use rate: 0.0/ memory use rate: 42.0%
5월 28, 2024 8:17:35 오전 app$1 run
정보: cpu use rate: 2.0/ memory use rate: 42.0%
5월 28, 2024 8:17:36 오전 app$1 run
정보: cpu use rate: 1.0/ memory use rate: 42.0%
5월 28, 2024 8:17:37 오전 app$1 run
정보: cpu use rate: 1.0/ memory use rate: 42.0%
5월 28, 2024 8:17:38 오전 app$1 run
정보: cpu use rate: 3.0/ memory use rate: 42.0%
5월 28, 2024 8:17:39 오전 app$1 run
정보: cpu use rate: 1.0/ memory use rate: 42.0%
5월 28, 2024 8:17:40 오전 app$1 run
정보: cpu use rate: 1.0/ memory use rate: 42.0%
5월 28, 2024 8:17:41 오전 app$1 run
정보: cpu use rate: 4.0/ memory use rate: 42.0%
5월 28, 2024 8:29:22 오전 app$1 run
정보: cpu use rate: 2.0/ memory use rate: 45.0%
 =========================================
5월 28, 2024 8:29:23 오전 app$1 run
정보: cpu use rate: 2.0/ memory use rate: 45.0%
 =========================================
5월 28, 2024 8:29:24 오전 app$1 run
정보: cpu use rate: 2.0/ memory use rate: 45.0%
 =========================================
5월 28, 2024 8:29:25 오전 app$1 run
정보: cpu use rate: 0.0/ memory use rate: 45.0%
 =========================================
5월 28, 2024 8:29:26 오전 app$1 run
정보: cpu use rate: 0.0/ memory use rate: 45.0%
 =========================================
5월 28, 2024 8:29:27 오전 app$1 run
정보: cpu use rate: 2.0/ memory use rate: 45.0%
 =========================================
5월 28, 2024 8:29:28 오전 app$1 run
정보: cpu use rate: 3.0/ memory use rate: 45.0%
 =========================================
5월 28, 2024 8:29:30 오전 app$1 run
정보: cpu use rate: 13.0/ memory use rate: 45.0%
 =========================================
5월 28, 2024 8:29:31 오전 app$1 run
정보: cpu use rate: 1.0/ memory use rate: 45.0%
 =========================================
5월 28, 2024 8:29:33 오전 app$1 run
정보: cpu use rate: 2.0/ memory use rate: 45.0%
 ===============================================
5월 28, 2024 8:29:35 오전 app$1 run
정보: cpu use rate: 0.0/ memory use rate: 45.0%
 ===============================================
5월 28, 2024 8:29:36 오전 app$1 run
정보: cpu use rate: 0.0/ memory use rate: 45.0%
 ===============================================
5월 28, 2024 8:29:37 오전 app$1 run
정보: cpu use rate: 0.0/ memory use rate: 45.0%
 ===============================================
5월 28, 2024 8:29:38 오전 app$1 run
정보: cpu use rate: 0.0/ memory use rate: 45.0%
 ===============================================
5월 28, 2024 8:29:39 오전 app$1 run
정보: cpu use rate: 2.0/ memory use rate: 45.0%
 ===============================================
5월 28, 2024 8:29:40 오전 app$1 run
정보: cpu use rate: 2.0/ memory use rate: 45.0%
 ===============================================
5월 28, 2024 8:29:41 오전 app$1 run
정보: cpu use rate: 4.0/ memory use rate: 45.0%
 ===============================================
5월 28, 2024 8:29:42 오전 app$1 run
정보: cpu use rate: 4.0/ memory use rate: 45.0%
 ===============================================
5월 28, 2024 8:29:43 오전 app$1 run
정보: cpu use rate: 1.0/ memory use rate: 45.0%
 ===============================================
5월 28, 2024 8:29:45 오전 app$1 run
정보: cpu use rate: 0.0/ memory use rate: 45.0%
 ===============================================
5월 28, 2024 8:29:46 오전 app$1 run
정보: cpu use rate: 1.0/ memory use rate: 45.0%
 ===============================================
5월 28, 2024 8:29:47 오전 app$1 run
정보: cpu use rate: 2.0/ memory use rate: 45.0%
 ===============================================
5월 28, 2024 8:29:48 오전 app$1 run
정보: cpu use rate: 0.0/ memory use rate: 45.0%
 ===============================================
5월 28, 2024 8:29:49 오전 app$1 run
정보: cpu use rate: 0.0/ memory use rate: 45.0%
 ===============================================
5월 28, 2024 8:29:50 오전 app$1 run
정보: cpu use rate: 0.0/ memory use rate: 45.0%
 ===============================================
5월 28, 2024 8:29:51 오전 app$1 run
정보: cpu use rate: 0.0/ memory use rate: 45.0%
 ===============================================
5월 28, 2024 8:29:52 오전 app$1 run
정보: cpu use rate: 0.0/ memory use rate: 45.0%
 ===============================================
5월 28, 2024 8:30:01 오전 app$1 run
정보: cpu use rate: 0.0/ memory use rate: 45.0%
===============================================
5월 28, 2024 8:30:02 오전 app$1 run
정보: cpu use rate: 1.0/ memory use rate: 45.0%
===============================================
5월 28, 2024 8:30:04 오전 app$1 run
정보: cpu use rate: 6.0/ memory use rate: 45.0%
===============================================
5월 28, 2024 8:30:05 오전 app$1 run
정보: cpu use rate: 2.0/ memory use rate: 45.0%
===============================================
5월 28, 2024 8:30:06 오전 app$1 run
정보: cpu use rate: 2.0/ memory use rate: 45.0%
===============================================
5월 28, 2024 8:30:13 오전 app$1 run
정보: cpu use rate: 1.0/ memory use rate: 45.0%
================================================
5월 28, 2024 8:30:14 오전 app$1 run
정보: cpu use rate: 1.0/ memory use rate: 45.0%
================================================
5월 28, 2024 8:30:15 오전 app$1 run
정보: cpu use rate: 1.0/ memory use rate: 45.0%
================================================
5월 28, 2024 8:30:16 오전 app$1 run
정보: cpu use rate: 3.0/ memory use rate: 45.0%
================================================
5월 28, 2024 8:30:17 오전 app$1 run
정보: cpu use rate: 0.0/ memory use rate: 45.0%
================================================
5월 28, 2024 8:30:18 오전 app$1 run
정보: cpu use rate: 1.0/ memory use rate: 45.0%
================================================
5월 28, 2024 8:30:19 오전 app$1 run
정보: cpu use rate: 0.0/ memory use rate: 45.0%
================================================
5월 28, 2024 8:30:20 오전 app$1 run
정보: cpu use rate: 0.0/ memory use rate: 45.0%
================================================
5월 28, 2024 8:30:22 오전 app$1 run
정보: cpu use rate: 1.0/ memory use rate: 45.0%
================================================
5월 28, 2024 8:30:23 오전 app$1 run
정보: cpu use rate: 0.0/ memory use rate: 45.0%
================================================
5월 28, 2024 8:30:24 오전 app$1 run
정보: cpu use rate: 0.0/ memory use rate: 45.0%
================================================
5월 28, 2024 8:30:25 오전 app$1 run
정보: cpu use rate: 3.0/ memory use rate: 45.0%
================================================
5월 28, 2024 8:30:26 오전 app$1 run
정보: cpu use rate: 1.0/ memory use rate: 45.0%
================================================
5월 28, 2024 8:30:27 오전 app$1 run
정보: cpu use rate: 2.0/ memory use rate: 45.0%
================================================
5월 28, 2024 8:30:28 오전 app$1 run
정보: cpu use rate: 1.0/ memory use rate: 45.0%
================================================
5월 28, 2024 8:30:29 오전 app$1 run
정보: cpu use rate: 0.0/ memory use rate: 45.0%
================================================
5월 28, 2024 8:30:30 오전 app$1 run
정보: cpu use rate: 0.0/ memory use rate: 45.0%
================================================
5월 28, 2024 8:30:32 오전 app$1 run
정보: cpu use rate: 1.0/ memory use rate: 45.0%
================================================
5월 28, 2024 8:30:33 오전 app$1 run
정보: cpu use rate: 1.0/ memory use rate: 45.0%
================================================
5월 28, 2024 8:30:34 오전 app$1 run
정보: cpu use rate: 1.0/ memory use rate: 45.0%
================================================
5월 28, 2024 8:30:35 오전 app$1 run
정보: cpu use rate: 1.0/ memory use rate: 45.0%
================================================
5월 28, 2024 8:30:36 오전 app$1 run
정보: cpu use rate: 27.0/ memory use rate: 45.0%
================================================
5월 28, 2024 8:30:37 오전 app$1 run
정보: cpu use rate: 2.0/ memory use rate: 45.0%
================================================
5월 28, 2024 8:30:38 오전 app$1 run
정보: cpu use rate: 3.0/ memory use rate: 45.0%
================================================
5월 28, 2024 8:30:39 오전 app$1 run
정보: cpu use rate: 1.0/ memory use rate: 45.0%
================================================
5월 28, 2024 8:30:40 오전 app$1 run
정보: cpu use rate: 2.0/ memory use rate: 45.0%
================================================
5월 28, 2024 8:30:42 오전 app$1 run
정보: cpu use rate: 2.0/ memory use rate: 45.0%
================================================
5월 28, 2024 8:30:43 오전 app$1 run
정보: cpu use rate: 2.0/ memory use rate: 45.0%
================================================
5월 28, 2024 8:30:44 오전 app$1 run
정보: cpu use rate: 1.0/ memory use rate: 45.0%
================================================
5월 28, 2024 8:30:45 오전 app$1 run
정보: cpu use rate: 1.0/ memory use rate: 45.0%
================================================
5월 28, 2024 8:30:46 오전 app$1 run
정보: cpu use rate: 1.0/ memory use rate: 45.0%
================================================
5월 28, 2024 8:30:47 오전 app$1 run
정보: cpu use rate: 2.0/ memory use rate: 45.0%
================================================
5월 28, 2024 8:30:48 오전 app$1 run
정보: cpu use rate: 2.0/ memory use rate: 45.0%
================================================
5월 28, 2024 8:30:49 오전 app$1 run
정보: cpu use rate: 0.0/ memory use rate: 45.0%
================================================
5월 28, 2024 8:30:50 오전 app$1 run
정보: cpu use rate: 0.0/ memory use rate: 45.0%
================================================
5월 28, 2024 8:30:51 오전 app$1 run
정보: cpu use rate: 0.0/ memory use rate: 45.0%
================================================
5월 28, 2024 8:30:53 오전 app$1 run
정보: cpu use rate: 1.0/ memory use rate: 45.0%
================================================
5월 28, 2024 8:30:54 오전 app$1 run
정보: cpu use rate: 0.0/ memory use rate: 45.0%
================================================
5월 28, 2024 10:26:26 오전 app$1 run
정보: cpu use rate: 1.0/ memory use rate: 54.0%
================================================
5월 28, 2024 10:26:27 오전 app$1 run
정보: cpu use rate: 7.0/ memory use rate: 54.0%
================================================
5월 28, 2024 10:26:28 오전 app$1 run
정보: cpu use rate: 2.0/ memory use rate: 54.0%
================================================
